<?xml version="1.0" encoding="UTF-8"?>
<!-- Generated by org.testng.reporters.JUnitReportReporter -->
<testsuite hostname="Ajay" failures="0" tests="4" name="api.test.UserTests" time="9.694" errors="0" timestamp="2023-04-13T15:36:33 IST" skipped="0">
  <testcase classname="api.test.UserTests" name="testPostUser" time="4.839"/>
  <system-out/>
  <testcase classname="api.test.UserTests" name="testGetUser" time="1.201"/>
  <system-out/>
  <testcase classname="api.test.UserTests" name="testUpdateUser" time="2.444"/>
  <system-out/>
  <testcase classname="api.test.UserTests" name="testDeleteUser" time="1.210"/>
  <system-out/>
</testsuite> <!-- api.test.UserTests -->
