<?xml version="1.0" encoding="UTF-8"?>
<!-- Generated by org.testng.reporters.JUnitReportReporter -->
<testsuite hostname="Ajay" failures="0" tests="6" name="api.test.DDTests" time="14.329" errors="0" timestamp="2023-04-13T15:13:54 IST" skipped="0">
  <testcase classname="api.test.DDTests" name="testPostuser" time="1.194"/>
  <system-out/>
  <testcase classname="api.test.DDTests" name="testPostuser" time="1.236"/>
  <system-out/>
  <testcase classname="api.test.DDTests" name="testPostuser" time="7.623"/>
  <system-out/>
  <testcase classname="api.test.DDTests" name="testDeleteUserByName" time="1.314"/>
  <system-out/>
  <testcase classname="api.test.DDTests" name="testDeleteUserByName" time="1.592"/>
  <system-out/>
  <testcase classname="api.test.DDTests" name="testDeleteUserByName" time="1.370"/>
  <system-out/>
</testsuite> <!-- api.test.DDTests -->
