<?xml version="1.0" encoding="UTF-8"?>
<!-- Generated by org.testng.reporters.JUnitReportReporter -->
<testsuite hostname="Ajay" failures="0" tests="4" name="api.test.UserTests2" time="11.958" errors="0" timestamp="2023-04-13T22:22:05 IST" skipped="0">
  <testcase classname="api.test.UserTests2" name="testPostUser" time="6.519"/>
  <system-out/>
  <testcase classname="api.test.UserTests2" name="testGetUserByName" time="1.300"/>
  <system-out/>
  <testcase classname="api.test.UserTests2" name="testUpdateUserByName" time="2.739"/>
  <system-out/>
  <testcase classname="api.test.UserTests2" name="testDeleteUserByName" time="1.400"/>
  <system-out/>
</testsuite> <!-- api.test.UserTests2 -->
