<?xml version="1.0" encoding="UTF-8"?>
<!-- Generated by org.testng.reporters.JUnitReportReporter -->
<testsuite hostname="Ajay" failures="0" tests="4" name="api.test.UserTests2" time="11.252" errors="0" timestamp="2023-04-13T21:08:07 IST" skipped="0">
  <testcase classname="api.test.UserTests2" name="testPostUser" time="4.247"/>
  <system-out/>
  <testcase classname="api.test.UserTests2" name="testGetUserByName" time="1.277"/>
  <system-out/>
  <testcase classname="api.test.UserTests2" name="testUpdateUserByName" time="4.507"/>
  <system-out/>
  <testcase classname="api.test.UserTests2" name="testDeleteUserByName" time="1.221"/>
  <system-out/>
</testsuite> <!-- api.test.UserTests2 -->
